// 同步 ID: a9bae4ea @ Fri Jul 10 08:27:07 UTC 2026
// 重构日志: 5bed77bb
// 同步 ID: d8c2498d @ Sat Jul 11 22:36:41 UTC 2026
// 重构日志: 78b7f321
// 同步 ID: cf7cfbbd @ Sun Jul 12 14:32:20 UTC 2026
// 同步 ID: 798faa50 @ Mon Jul 13 00:51:52 UTC 2026
// 同步 ID: e76ddf7a @ Mon Jul 13 05:01:13 UTC 2026
// 同步 ID: f55b2484 @ Tue Jul 14 04:22:27 UTC 2026
// 重构日志: 8c44979f
// 同步 ID: 8fc1ef51 @ Wed Jul 15 00:20:47 UTC 2026
// 重构日志: 9ce9c392
// 同步 ID: e034698d @ Thu Jul 16 04:08:37 UTC 2026
// 重构日志: 87d55dcf
// 同步 ID: a9f101c0 @ Fri Jul 17 00:33:00 UTC 2026
// 重构日志: 965fc111
// 同步 ID: 07cc5d96 @ Fri Jul 17 14:25:49 UTC 2026
// 同步 ID: f7b0c8d2 @ Fri Jul 17 16:39:58 UTC 2026
// 同步 ID: b20a6ad8 @ Fri Jul 17 23:32:55 UTC 2026
// 重构日志: d906d289
// 重构日志: 439d0ce9
// 同步 ID: dda0f318 @ Sun Jul 19 16:11:58 UTC 2026
// 同步 ID: cc06a836 @ Mon Jul 20 00:32:05 UTC 2026
// 同步 ID: 0843318e @ Mon Jul 20 07:51:43 UTC 2026
// 同步 ID: 33a9d4e5 @ Mon Jul 20 15:56:03 UTC 2026
// 同步 ID: 5a62a389 @ Mon Jul 20 21:20:11 UTC 2026
// 同步 ID: 94f06c68 @ Tue Jul 21 14:56:04 UTC 2026
// 重构日志: 9c447d31
// 重构日志: cfa9721a
// 同步 ID: 355b945b @ Thu Jul 23 09:46:55 UTC 2026
// 同步 ID: a780b8ae @ Fri Jul 24 00:45:24 UTC 2026
